<?xml version="1.0" encoding="UTF-8"?>
<testng-results skipped="0" failed="0" ignored="0" total="1" passed="1">
  <reporter-output>
  </reporter-output>
  <suite name="Default suite" duration-ms="20044" started-at="2018-01-10T22:36:03Z" finished-at="2018-01-10T22:36:23Z">
    <groups>
    </groups>
    <test name="Default test" duration-ms="20044" started-at="2018-01-10T22:36:03Z" finished-at="2018-01-10T22:36:23Z">
      <class name="ScollUpAndDownTest">
        <test-method status="PASS" signature="setup()[pri:0, instance:ScollUpAndDownTest@27efef64]" name="setup" is-config="true" duration-ms="9913" started-at="2018-01-10T14:36:03Z" finished-at="2018-01-10T14:36:13Z">
          <reporter-output>
          </reporter-output>
        </test-method> <!-- setup -->
        <test-method status="PASS" signature="testScrollUpAndDown()[pri:0, instance:ScollUpAndDownTest@27efef64]" name="testScrollUpAndDown" duration-ms="10082" started-at="2018-01-10T14:36:13Z" finished-at="2018-01-10T14:36:23Z">
          <reporter-output>
          </reporter-output>
        </test-method> <!-- testScrollUpAndDown -->
        <test-method status="PASS" signature="tearDown()[pri:0, instance:ScollUpAndDownTest@27efef64]" name="tearDown" is-config="true" duration-ms="12" started-at="2018-01-10T14:36:23Z" finished-at="2018-01-10T14:36:23Z">
          <reporter-output>
          </reporter-output>
        </test-method> <!-- tearDown -->
      </class> <!-- ScollUpAndDownTest -->
    </test> <!-- Default test -->
  </suite> <!-- Default suite -->
</testng-results>
